<?xml version="1.0" encoding="UTF-8"?>
<testsuite xmlns:xsi="http://www.w3.org/2001/XMLSchema-instance" xsi:noNamespaceSchemaLocation="https://maven.apache.org/surefire/maven-surefire-plugin/xsd/surefire-test-report.xsd" name="GraphParserTest" time="1.372" tests="11" errors="0" skipped="0" failures="0">
  <properties>
[...]
</properties>
  <testcase name="testParseGraph" classname="GraphParserTest" time="0.099"/>
  <testcase name="testOutputDOTGraph" classname="GraphParserTest" time="0.068"/>
  <testcase name="testAddEdge" classname="GraphParserTest" time="0.013"/>
  <testcase name="testAddNode" classname="GraphParserTest" time="0.004"/>
  <testcase name="testRemoveEdges" classname="GraphParserTest" time="0.013"/>
  <testcase name="testRemoveNodes" classname="GraphParserTest" time="0.01"/>
  <testcase name="testRandomWalk" classname="GraphParserTest" time="0.025"/>
  <testcase name="testGraphSearchBFS" classname="GraphParserTest" time="0.008"/>
  <testcase name="testGraphSearchDFS" classname="GraphParserTest" time="0.007"/>
  <testcase name="testRemoveNode" classname="GraphParserTest" time="0.006"/>
  <testcase name="testOutputGraphAsPng" classname="GraphParserTest" time="1.096"/>
</testsuite>